warning: unused import: `Buf`
 --> crates/rsms-core/src/pstring.rs:1:13
  |
1 | use bytes::{Buf, BufMut, BytesMut};
  |             ^^^
  |
  = note: `#[warn(unused_imports)]` (part of `#[warn(unused)]`) on by default

warning: `rsms-core` (lib) generated 1 warning (run `cargo fix --lib -p rsms-core` to apply 1 suggestion)
warning: unused import: `BufMut`
 --> crates/rsms-codec-cmpp/src/datatypes/terminate.rs:1:18
  |
1 | use bytes::{Buf, BufMut, BytesMut};
  |                  ^^^^^^
  |
  = note: `#[warn(unused_imports)]` (part of `#[warn(unused)]`) on by default

warning: unused variable: `header`
  --> crates/rsms-codec-cmpp/src/datatypes/query.rs:66:15
   |
66 |     fn decode(header: PduHeader, buf: &mut Cursor<&[u8]>) -> Result<Self, CodecError> {
   |               ^^^^^^ help: if this is intentional, prefix it with an underscore: `_header`
   |
   = note: `#[warn(unused_variables)]` (part of `#[warn(unused)]`) on by default

warning: unused variable: `header`
   --> crates/rsms-codec-cmpp/src/datatypes/query.rs:140:15
    |
140 |     fn decode(header: PduHeader, buf: &mut Cursor<&[u8]>) -> Result<Self, CodecError> {
    |               ^^^^^^ help: if this is intentional, prefix it with an underscore: `_header`

warning: unused variable: `header`
   --> crates/rsms-codec-cmpp/src/datatypes/query.rs:198:15
    |
198 |     fn decode(header: PduHeader, buf: &mut Cursor<&[u8]>) -> Result<Self, CodecError> {
    |               ^^^^^^ help: if this is intentional, prefix it with an underscore: `_header`

warning: unused variable: `header`
   --> crates/rsms-codec-cmpp/src/datatypes/query.rs:233:15
    |
233 |     fn decode(header: PduHeader, buf: &mut Cursor<&[u8]>) -> Result<Self, CodecError> {
    |               ^^^^^^ help: if this is intentional, prefix it with an underscore: `_header`

warning: `rsms-codec-cmpp` (lib) generated 5 warnings (run `cargo fix --lib -p rsms-codec-cmpp` to apply 5 suggestions)
warning: unused imports: `BufMut`, `Buf`, and `BytesMut`
 --> crates/rsms-codec-smgp/src/datatypes/msg_id.rs:1:13
  |
1 | use bytes::{Buf, BufMut, BytesMut};
  |             ^^^  ^^^^^^  ^^^^^^^^
  |
  = note: `#[warn(unused_imports)]` (part of `#[warn(unused)]`) on by default

warning: unused import: `std::io::Cursor`
 --> crates/rsms-codec-smgp/src/datatypes/msg_id.rs:3:5
  |
3 | use std::io::Cursor;
  |     ^^^^^^^^^^^^^^^

warning: unused import: `PduHeader`
 --> crates/rsms-codec-smgp/src/datatypes/tlv.rs:4:54
  |
4 | use crate::codec::{CodecError, Decodable, Encodable, PduHeader};
  |                                                      ^^^^^^^^^

warning: unused import: `crate::datatypes::CommandId`
 --> crates/rsms-codec-smgp/src/datatypes/tlv.rs:5:5
  |
5 | use crate::datatypes::CommandId;
  |     ^^^^^^^^^^^^^^^^^^^^^^^^^^^

warning: unused import: `Decodable`
 --> crates/rsms-codec-smgp/src/datatypes/tlv.rs:4:32
  |
4 | use crate::codec::{CodecError, Decodable, Encodable, PduHeader};
  |                                ^^^^^^^^^

warning: unused import: `Encodable`
 --> crates/rsms-codec-smgp/src/datatypes/tlv.rs:4:43
  |
4 | use crate::codec::{CodecError, Decodable, Encodable, PduHeader};
  |                                           ^^^^^^^^^

warning: unused variable: `header`
   --> crates/rsms-codec-smgp/src/datatypes/deliver.rs:273:15
    |
273 |     fn decode(header: PduHeader, buf: &mut Cursor<&[u8]>) -> Result<Self, CodecError> {
    |               ^^^^^^ help: if this is intentional, prefix it with an underscore: `_header`
    |
    = note: `#[warn(unused_variables)]` (part of `#[warn(unused)]`) on by default

warning: unused variable: `header`
   --> crates/rsms-codec-smgp/src/datatypes/deliver.rs:344:15
    |
344 |     fn decode(header: PduHeader, buf: &mut Cursor<&[u8]>) -> Result<Self, CodecError> {
    |               ^^^^^^ help: if this is intentional, prefix it with an underscore: `_header`

warning: unused variable: `header`
   --> crates/rsms-codec-smgp/src/datatypes/deliver.rs:414:15
    |
414 |     fn decode(header: PduHeader, buf: &mut Cursor<&[u8]>) -> Result<Self, CodecError> {
    |               ^^^^^^ help: if this is intentional, prefix it with an underscore: `_header`

warning: unused variable: `header`
   --> crates/rsms-codec-smgp/src/datatypes/submit.rs:248:15
    |
248 |     fn decode(header: PduHeader, buf: &mut Cursor<&[u8]>) -> Result<Self, CodecError> {
    |               ^^^^^^ help: if this is intentional, prefix it with an underscore: `_header`

warning: unused variable: `header`
  --> crates/rsms-codec-smgp/src/message.rs:85:19
   |
85 |     pub fn decode(header: PduHeader, body: &[u8]) -> Result<Self, RsmsError> {
   |                   ^^^^^^ help: if this is intentional, prefix it with an underscore: `_header`

warning: unused imports: `HeartbeatResp` and `Heartbeat`
 --> crates/rsms-codec-sgip/src/message.rs:6:43
  |
6 |     Bind, BindResp, Deliver, DeliverResp, Heartbeat, HeartbeatResp, Report, ReportResp,
  |                                           ^^^^^^^^^  ^^^^^^^^^^^^^
  |
  = note: `#[warn(unused_imports)]` (part of `#[warn(unused)]`) on by default

warning: unused variable: `header`
   --> crates/rsms-codec-sgip/src/datatypes/deliver.rs:122:15
    |
122 |     fn decode(header: PduHeader, buf: &mut Cursor<&[u8]>) -> Result<Self, CodecError> {
    |               ^^^^^^ help: if this is intentional, prefix it with an underscore: `_header`
    |
    = note: `#[warn(unused_variables)]` (part of `#[warn(unused)]`) on by default

warning: unused variable: `header`
   --> crates/rsms-codec-sgip/src/datatypes/deliver.rs:162:15
    |
162 |     fn decode(header: PduHeader, buf: &mut Cursor<&[u8]>) -> Result<Self, CodecError> {
    |               ^^^^^^ help: if this is intentional, prefix it with an underscore: `_header`

warning: unused variable: `header`
   --> crates/rsms-codec-sgip/src/datatypes/deliver.rs:206:15
    |
206 |     fn decode(header: PduHeader, buf: &mut Cursor<&[u8]>) -> Result<Self, CodecError> {
    |               ^^^^^^ help: if this is intentional, prefix it with an underscore: `_header`

warning: unused variable: `header`
   --> crates/rsms-codec-sgip/src/datatypes/submit.rs:267:15
    |
267 |     fn decode(header: PduHeader, buf: &mut Cursor<&[u8]>) -> Result<Self, CodecError> {
    |               ^^^^^^ help: if this is intentional, prefix it with an underscore: `_header`

warning: unused variable: `sequence`
  --> crates/rsms-codec-sgip/src/message.rs:39:9
   |
39 |     let sequence =
   |         ^^^^^^^^ help: if this is intentional, prefix it with an underscore: `_sequence`

warning: `rsms-codec-smgp` (lib) generated 11 warnings (run `cargo fix --lib -p rsms-codec-smgp` to apply 9 suggestions)
warning: `rsms-codec-sgip` (lib) generated 6 warnings (run `cargo fix --lib -p rsms-codec-sgip` to apply 6 suggestions)
warning: unused import: `std::sync::Arc`
 --> crates/rsms-pipeline/src/service.rs:6:5
  |
6 | use std::sync::Arc;
  |     ^^^^^^^^^^^^^^
  |
  = note: `#[warn(unused_imports)]` (part of `#[warn(unused)]`) on by default

warning: unused import: `TypeId`
 --> crates/rsms-pipeline/src/context.rs:3:21
  |
3 | use std::any::{Any, TypeId};
  |                     ^^^^^^

warning: unused import: `PduService`
 --> crates/rsms-pipeline/src/builder.rs:8:22
  |
8 | use crate::service::{PduService, PduRequest, PduResponse};
  |                      ^^^^^^^^^^

warning: field `attributes` is never read
  --> crates/rsms-pipeline/src/context.rs:15:5
   |
12 | pub struct PipelineContext {
   |            --------------- field in this struct
...
15 |     attributes: Arc<RwLock<HashMap<String, Box<dyn Any + Send + Sync>>>>,
   |     ^^^^^^^^^^
   |
   = note: `PipelineContext` has derived impls for the traits `Clone` and `Debug`, but these are intentionally ignored during dead code analysis
   = note: `#[warn(dead_code)]` (part of `#[warn(unused)]`) on by default

warning: unused import: `CommandStatus`
 --> crates/rsms-codec-smpp/src/message.rs:8:50
  |
8 |     BindTransmitterResp, CancelSm, CancelSmResp, CommandStatus, DeliverSm, DeliverSmResp,
  |                                                  ^^^^^^^^^^^^^
  |
  = note: `#[warn(unused_imports)]` (part of `#[warn(unused)]`) on by default

warning: unused variable: `command_status`
  --> crates/rsms-codec-smpp/src/message.rs:47:9
   |
47 |     let command_status = cursor.get_u32();
   |         ^^^^^^^^^^^^^^ help: if this is intentional, prefix it with an underscore: `_command_status`
   |
   = note: `#[warn(unused_variables)]` (part of `#[warn(unused)]`) on by default

warning: unused variable: `sequence_number`
  --> crates/rsms-codec-smpp/src/message.rs:48:9
   |
48 |     let sequence_number = cursor.get_u32();
   |         ^^^^^^^^^^^^^^^ help: if this is intentional, prefix it with an underscore: `_sequence_number`

warning: constant `UNKNOWN` is never used
  --> crates/rsms-codec-smpp/src/datatypes/address.rs:44:15
   |
44 |     pub const UNKNOWN: u8 = 0x00;
   |               ^^^^^^^
   |
   = note: `#[warn(dead_code)]` (part of `#[warn(unused)]`) on by default

warning: constant `INTERNATIONAL` is never used
  --> crates/rsms-codec-smpp/src/datatypes/address.rs:45:15
   |
45 |     pub const INTERNATIONAL: u8 = 0x01;
   |               ^^^^^^^^^^^^^

warning: constant `NATIONAL` is never used
  --> crates/rsms-codec-smpp/src/datatypes/address.rs:46:15
   |
46 |     pub const NATIONAL: u8 = 0x02;
   |               ^^^^^^^^

warning: constant `NETWORK_SPECIFIC` is never used
  --> crates/rsms-codec-smpp/src/datatypes/address.rs:47:15
   |
47 |     pub const NETWORK_SPECIFIC: u8 = 0x03;
   |               ^^^^^^^^^^^^^^^^

warning: constant `SUBSCRIBER_NUMBER` is never used
  --> crates/rsms-codec-smpp/src/datatypes/address.rs:48:15
   |
48 |     pub const SUBSCRIBER_NUMBER: u8 = 0x04;
   |               ^^^^^^^^^^^^^^^^^

warning: constant `ALPHANUMERIC` is never used
  --> crates/rsms-codec-smpp/src/datatypes/address.rs:49:15
   |
49 |     pub const ALPHANUMERIC: u8 = 0x05;
   |               ^^^^^^^^^^^^

warning: constant `ABBREVIATED` is never used
  --> crates/rsms-codec-smpp/src/datatypes/address.rs:50:15
   |
50 |     pub const ABBREVIATED: u8 = 0x06;
   |               ^^^^^^^^^^^

warning: constant `UNKNOWN` is never used
  --> crates/rsms-codec-smpp/src/datatypes/address.rs:54:15
   |
54 |     pub const UNKNOWN: u8 = 0x00;
   |               ^^^^^^^

warning: constant `ISDN` is never used
  --> crates/rsms-codec-smpp/src/datatypes/address.rs:55:15
   |
55 |     pub const ISDN: u8 = 0x01;
   |               ^^^^

warning: constant `DATA` is never used
  --> crates/rsms-codec-smpp/src/datatypes/address.rs:56:15
   |
56 |     pub const DATA: u8 = 0x03;
   |               ^^^^

warning: constant `TELEX` is never used
  --> crates/rsms-codec-smpp/src/datatypes/address.rs:57:15
   |
57 |     pub const TELEX: u8 = 0x04;
   |               ^^^^^

warning: constant `SCANNING` is never used
  --> crates/rsms-codec-smpp/src/datatypes/address.rs:58:15
   |
58 |     pub const SCANNING: u8 = 0x05;
   |               ^^^^^^^^

warning: constant `RESERVED_1` is never used
  --> crates/rsms-codec-smpp/src/datatypes/address.rs:59:15
   |
59 |     pub const RESERVED_1: u8 = 0x06;
   |               ^^^^^^^^^^

warning: constant `RESERVED_2` is never used
  --> crates/rsms-codec-smpp/src/datatypes/address.rs:60:15
   |
60 |     pub const RESERVED_2: u8 = 0x07;
   |               ^^^^^^^^^^

warning: constant `NATIONAL` is never used
  --> crates/rsms-codec-smpp/src/datatypes/address.rs:61:15
   |
61 |     pub const NATIONAL: u8 = 0x08;
   |               ^^^^^^^^

warning: constant `PRIVATE` is never used
  --> crates/rsms-codec-smpp/src/datatypes/address.rs:62:15
   |
62 |     pub const PRIVATE: u8 = 0x09;
   |               ^^^^^^^

warning: constant `ERMES` is never used
  --> crates/rsms-codec-smpp/src/datatypes/address.rs:63:15
   |
63 |     pub const ERMES: u8 = 0x0A;
   |               ^^^^^

warning: constant `INTERNET` is never used
  --> crates/rsms-codec-smpp/src/datatypes/address.rs:64:15
   |
64 |     pub const INTERNET: u8 = 0x0E;
   |               ^^^^^^^^

warning: constant `WAP_CLIENT` is never used
  --> crates/rsms-codec-smpp/src/datatypes/address.rs:65:15
   |
65 |     pub const WAP_CLIENT: u8 = 0x0F;
   |               ^^^^^^^^^^

warning: `rsms-pipeline` (lib) generated 4 warnings (run `cargo fix --lib -p rsms-pipeline` to apply 3 suggestions)
warning: `rsms-codec-smpp` (lib) generated 22 warnings (run `cargo fix --lib -p rsms-codec-smpp` to apply 3 suggestions)
warning: type `WindowEvent<K>` is more private than the item `window::Window::<K, R, P>::with_channel`
  --> crates/rsms-window/src/window.rs:82:5
   |
82 |     pub fn with_channel(config: WindowConfig, channel_size: usize) -> (Self, mpsc::Receiver<WindowEvent<K>>) {
   |     ^^^^^^^^^^^^^^^^^^^^^^^^^^^^^^^^^^^^^^^^^^^^^^^^^^^^^^^^^^^^^^^^^^^^^^^^^^^^^^^^^^^^^^^^^^^^^^^^^^^^^^^^ associated function `window::Window::<K, R, P>::with_channel` is reachable at visibility `pub`
   |
note: but type `WindowEvent<K>` is only usable at visibility `pub(self)`
  --> crates/rsms-window/src/window.rs:60:1
   |
60 | enum WindowEvent<K> {
   | ^^^^^^^^^^^^^^^^^^^
   = note: `#[warn(private_interfaces)]` on by default

warning: field `0` is never read
  --> crates/rsms-window/src/future.rs:15:12
   |
15 |     Failed(WindowError),
   |     ------ ^^^^^^^^^^^
   |     |
   |     field in this variant
   |
   = note: `FutureState` has derived impls for the traits `Clone` and `Debug`, but these are intentionally ignored during dead code analysis
   = note: `#[warn(dead_code)]` (part of `#[warn(unused)]`) on by default
help: consider changing the field to be of unit type to suppress this warning while preserving the field numbering, or remove the field
   |
15 -     Failed(WindowError),
15 +     Failed(()),
   |

warning: field `1` is never read
  --> crates/rsms-window/src/window.rs:63:15
   |
63 |     Failed(K, WindowError),
   |     ------    ^^^^^^^^^^^
   |     |
   |     field in this variant
   |
help: consider changing the field to be of unit type to suppress this warning while preserving the field numbering, or remove the field
   |
63 -     Failed(K, WindowError),
63 +     Failed(K, ()),
   |

warning: unused implementer of `futures::Future` that must be used
  --> crates/rsms-window/src/future.rs:84:9
   |
84 |         self.wake();
   |         ^^^^^^^^^^^
   |
   = note: futures do nothing unless you `.await` or poll them
   = note: `#[warn(unused_must_use)]` (part of `#[warn(unused)]`) on by default

warning: unused implementer of `futures::Future` that must be used
  --> crates/rsms-window/src/future.rs:91:9
   |
91 |         self.wake();
   |         ^^^^^^^^^^^
   |
   = note: futures do nothing unless you `.await` or poll them

warning: unused implementer of `futures::Future` that must be used
  --> crates/rsms-window/src/future.rs:98:9
   |
98 |         self.wake();
   |         ^^^^^^^^^^^
   |
   = note: futures do nothing unless you `.await` or poll them

warning: `rsms-window` (lib) generated 6 warnings
warning: unused import: `info`
  --> crates/rsms-connector/src/connection.rs:11:22
   |
11 | use tracing::{error, info};
   |                      ^^^^
   |
   = note: `#[warn(unused_imports)]` (part of `#[warn(unused)]`) on by default

warning: unused variable: `total_length`
  --> crates/rsms-connector/src/handlers/cmpp.rs:29:25
   |
29 |                     let total_length = cursor.get_u32();
   |                         ^^^^^^^^^^^^ help: if this is intentional, prefix it with an underscore: `_total_length`
   |
   = note: `#[warn(unused_variables)]` (part of `#[warn(unused)]`) on by default

warning: unused variable: `total_length`
  --> crates/rsms-connector/src/handlers/sgip.rs:29:25
   |
29 |                     let total_length = cursor.get_u32();
   |                         ^^^^^^^^^^^^ help: if this is intentional, prefix it with an underscore: `_total_length`

warning: unused variable: `msg_id`
  --> crates/rsms-connector/src/handlers/sgip.rs:64:21
   |
64 |                 let msg_id = NEXT_MSG_ID.fetch_add(1, Ordering::Relaxed);
   |                     ^^^^^^ help: if this is intentional, prefix it with an underscore: `_msg_id`

warning: unused variable: `total_length`
  --> crates/rsms-connector/src/handlers/smgp.rs:29:25
   |
29 |                     let total_length = cursor.get_u32();
   |                         ^^^^^^^^^^^^ help: if this is intentional, prefix it with an underscore: `_total_length`

warning: unused variable: `command_length`
  --> crates/rsms-connector/src/handlers/smpp.rs:29:25
   |
29 |                     let command_length = cursor.get_u32();
   |                         ^^^^^^^^^^^^^^ help: if this is intentional, prefix it with an underscore: `_command_length`

warning: unused variable: `command_id`
  --> crates/rsms-connector/src/handlers/smpp.rs:30:25
   |
30 |                     let command_id = cursor.get_u32();
   |                         ^^^^^^^^^^ help: if this is intentional, prefix it with an underscore: `_command_id`

warning: unused variable: `command_status`
  --> crates/rsms-connector/src/handlers/smpp.rs:31:25
   |
31 |                     let command_status = cursor.get_u32();
   |                         ^^^^^^^^^^^^^^ help: if this is intentional, prefix it with an underscore: `_command_status`

warning: field `pipeline` is never read
  --> crates/rsms-connector/src/connection.rs:27:5
   |
21 | pub struct Connection {
   |            ---------- field in this struct
...
27 |     pipeline: Mutex<Option<SimplePipeline>>,
   |     ^^^^^^^^
   |
   = note: `#[warn(dead_code)]` (part of `#[warn(unused)]`) on by default

warning: `rsms-connector` (lib) generated 9 warnings (run `cargo fix --lib -p rsms-connector` to apply 8 suggestions)
   Compiling sgip-endpoint-example v0.1.0 (/mnt/g/RustProjects/rsms/examples/sgip-endpoint)
    Finished `dev` profile [unoptimized + debuginfo] target(s) in 3.71s
     Running `/mnt/g/RustProjects/rsms/target/debug/server`
[Server] Listening on 127.0.0.1:7891...
