warning: unused import: `Buf`
 --> crates/rsms-core/src/pstring.rs:1:13
  |
1 | use bytes::{Buf, BufMut, BytesMut};
  |             ^^^
  |
  = note: `#[warn(unused_imports)]` (part of `#[warn(unused)]`) on by default

warning: `rsms-core` (lib) generated 1 warning (run `cargo fix --lib -p rsms-core` to apply 1 suggestion)
warning: unused import: `BufMut`
 --> crates/rsms-codec-cmpp/src/datatypes/terminate.rs:1:18
  |
1 | use bytes::{Buf, BufMut, BytesMut};
  |                  ^^^^^^
  |
  = note: `#[warn(unused_imports)]` (part of `#[warn(unused)]`) on by default

warning: unused variable: `header`
  --> crates/rsms-codec-cmpp/src/datatypes/query.rs:66:15
   |
66 |     fn decode(header: PduHeader, buf: &mut Cursor<&[u8]>) -> Result<Self, CodecError> {
   |               ^^^^^^ help: if this is intentional, prefix it with an underscore: `_header`
   |
   = note: `#[warn(unused_variables)]` (part of `#[warn(unused)]`) on by default

warning: unused variable: `header`
   --> crates/rsms-codec-cmpp/src/datatypes/query.rs:140:15
    |
140 |     fn decode(header: PduHeader, buf: &mut Cursor<&[u8]>) -> Result<Self, CodecError> {
    |               ^^^^^^ help: if this is intentional, prefix it with an underscore: `_header`

warning: unused variable: `header`
   --> crates/rsms-codec-cmpp/src/datatypes/query.rs:198:15
    |
198 |     fn decode(header: PduHeader, buf: &mut Cursor<&[u8]>) -> Result<Self, CodecError> {
    |               ^^^^^^ help: if this is intentional, prefix it with an underscore: `_header`

warning: unused variable: `header`
   --> crates/rsms-codec-cmpp/src/datatypes/query.rs:233:15
    |
233 |     fn decode(header: PduHeader, buf: &mut Cursor<&[u8]>) -> Result<Self, CodecError> {
    |               ^^^^^^ help: if this is intentional, prefix it with an underscore: `_header`

warning: `rsms-codec-cmpp` (lib) generated 5 warnings (run `cargo fix --lib -p rsms-codec-cmpp` to apply 5 suggestions)
    Finished `dev` profile [unoptimized + debuginfo] target(s) in 1.06s
     Running `/mnt/g/RustProjects/rsms/target/debug/server`
[Server] Listening on 127.0.0.1:7892...
[Server] Client connected: 127.0.0.1:41110
[Server] Received Login
[Server] Sent LoginResp
[Server] Received Submit
[Server] Sent SubmitResp
[Server] Sent Deliver
[Server] Read error: early eof
[Server] Client disconnected
